[    3031ms] [VERBOSE] [DOM] Input elements should have autocomplete attributes (suggested: "current-password"): (More info: https://goo.gl/9p2vKq) %o @ http://localhost:3002/login?callbackUrl=%2Fdashboard%2Fcamp:0
[    3114ms] [INFO] %cDownload the React DevTools for a better development experience: https://react.dev/link/react-devtools font-weight:bold @ http://localhost:3002/_next/static/chunks/e70e9_next_dist_a568ab45._.js:2287
[    3204ms] [LOG] [HMR] connected @ http://localhost:3002/_next/static/chunks/e70e9_next_dist_a568ab45._.js:2287
[  163201ms] [LOG] [Fast Refresh] rebuilding @ http://localhost:3002/_next/static/chunks/e70e9_next_dist_a568ab45._.js:2287
[  163302ms] [LOG] [Fast Refresh] done in 52ms @ http://localhost:3002/_next/static/chunks/e70e9_next_dist_a568ab45._.js:2287
[  205040ms] [ERROR] WebSocket connection to 'ws://localhost:3002/_next/webpack-hmr?id=mrtLyS8EeNEHGnjnqciNT' failed: Error in connection establishment: net::ERR_CONNECTION_REFUSED @ http://localhost:3002/_next/static/chunks/e70e9_next_dist_client_ca38a99e._.js:10116
[  206042ms] [ERROR] WebSocket connection to 'ws://localhost:3002/_next/webpack-hmr?id=mrtLyS8EeNEHGnjnqciNT' failed: Error in connection establishment: net::ERR_CONNECTION_REFUSED @ http://localhost:3002/_next/static/chunks/e70e9_next_dist_client_ca38a99e._.js:10116
[  207045ms] [ERROR] WebSocket connection to 'ws://localhost:3002/_next/webpack-hmr?id=mrtLyS8EeNEHGnjnqciNT' failed: Error in connection establishment: net::ERR_CONNECTION_REFUSED @ http://localhost:3002/_next/static/chunks/e70e9_next_dist_client_ca38a99e._.js:10116
[  208047ms] [ERROR] WebSocket connection to 'ws://localhost:3002/_next/webpack-hmr?id=mrtLyS8EeNEHGnjnqciNT' failed: Error in connection establishment: net::ERR_CONNECTION_REFUSED @ http://localhost:3002/_next/static/chunks/e70e9_next_dist_client_ca38a99e._.js:10116
[  209051ms] [ERROR] WebSocket connection to 'ws://localhost:3002/_next/webpack-hmr?id=mrtLyS8EeNEHGnjnqciNT' failed: Error in connection establishment: net::ERR_CONNECTION_REFUSED @ http://localhost:3002/_next/static/chunks/e70e9_next_dist_client_ca38a99e._.js:10116
[  214054ms] [ERROR] WebSocket connection to 'ws://localhost:3002/_next/webpack-hmr?id=mrtLyS8EeNEHGnjnqciNT' failed: Error in connection establishment: net::ERR_CONNECTION_REFUSED @ http://localhost:3002/_next/static/chunks/e70e9_next_dist_client_ca38a99e._.js:10116
[  219057ms] [ERROR] WebSocket connection to 'ws://localhost:3002/_next/webpack-hmr?id=mrtLyS8EeNEHGnjnqciNT' failed: Error in connection establishment: net::ERR_CONNECTION_REFUSED @ http://localhost:3002/_next/static/chunks/e70e9_next_dist_client_ca38a99e._.js:10116
[  224060ms] [ERROR] WebSocket connection to 'ws://localhost:3002/_next/webpack-hmr?id=mrtLyS8EeNEHGnjnqciNT' failed: Error in connection establishment: net::ERR_CONNECTION_REFUSED @ http://localhost:3002/_next/static/chunks/e70e9_next_dist_client_ca38a99e._.js:10116
[  229064ms] [ERROR] WebSocket connection to 'ws://localhost:3002/_next/webpack-hmr?id=mrtLyS8EeNEHGnjnqciNT' failed: Error in connection establishment: net::ERR_CONNECTION_REFUSED @ http://localhost:3002/_next/static/chunks/e70e9_next_dist_client_ca38a99e._.js:10116
[  234068ms] [ERROR] WebSocket connection to 'ws://localhost:3002/_next/webpack-hmr?id=mrtLyS8EeNEHGnjnqciNT' failed: Error in connection establishment: net::ERR_CONNECTION_REFUSED @ http://localhost:3002/_next/static/chunks/e70e9_next_dist_client_ca38a99e._.js:10116
[  239076ms] [ERROR] WebSocket connection to 'ws://localhost:3002/_next/webpack-hmr?id=mrtLyS8EeNEHGnjnqciNT' failed: Error in connection establishment: net::ERR_CONNECTION_REFUSED @ http://localhost:3002/_next/static/chunks/e70e9_next_dist_client_ca38a99e._.js:10116
[  244079ms] [ERROR] WebSocket connection to 'ws://localhost:3002/_next/webpack-hmr?id=mrtLyS8EeNEHGnjnqciNT' failed: Error in connection establishment: net::ERR_CONNECTION_REFUSED @ http://localhost:3002/_next/static/chunks/e70e9_next_dist_client_ca38a99e._.js:10116
[ 6675490ms] [VERBOSE] [DOM] Input elements should have autocomplete attributes (suggested: "current-password"): (More info: https://goo.gl/9p2vKq) %o @ http://localhost:3002/login?callbackUrl=%2Fdashboard%2Fcamp:0
[ 6675527ms] [INFO] %cDownload the React DevTools for a better development experience: https://react.dev/link/react-devtools font-weight:bold @ http://localhost:3002/_next/static/chunks/e70e9_next_dist_a568ab45._.js:2287
[ 6675615ms] [LOG] [HMR] connected @ http://localhost:3002/_next/static/chunks/e70e9_next_dist_a568ab45._.js:2287
[ 8548350ms] [ERROR] WebSocket connection to 'ws://localhost:3002/_next/webpack-hmr?id=6DJUbZ4qvLOKipbheVv_o' failed: Error in connection establishment: net::ERR_CONNECTION_REFUSED @ http://localhost:3002/_next/static/chunks/e70e9_next_dist_client_ca38a99e._.js:10116
[ 8549352ms] [ERROR] WebSocket connection to 'ws://localhost:3002/_next/webpack-hmr?id=6DJUbZ4qvLOKipbheVv_o' failed: Error in connection establishment: net::ERR_CONNECTION_REFUSED @ http://localhost:3002/_next/static/chunks/e70e9_next_dist_client_ca38a99e._.js:10116
[ 8550355ms] [ERROR] WebSocket connection to 'ws://localhost:3002/_next/webpack-hmr?id=6DJUbZ4qvLOKipbheVv_o' failed: Error in connection establishment: net::ERR_CONNECTION_REFUSED @ http://localhost:3002/_next/static/chunks/e70e9_next_dist_client_ca38a99e._.js:10116
[ 8551358ms] [ERROR] WebSocket connection to 'ws://localhost:3002/_next/webpack-hmr?id=6DJUbZ4qvLOKipbheVv_o' failed: Error in connection establishment: net::ERR_CONNECTION_REFUSED @ http://localhost:3002/_next/static/chunks/e70e9_next_dist_client_ca38a99e._.js:10116
[ 8552361ms] [ERROR] WebSocket connection to 'ws://localhost:3002/_next/webpack-hmr?id=6DJUbZ4qvLOKipbheVv_o' failed: Error in connection establishment: net::ERR_CONNECTION_REFUSED @ http://localhost:3002/_next/static/chunks/e70e9_next_dist_client_ca38a99e._.js:10116
[ 8557369ms] [ERROR] WebSocket connection to 'ws://localhost:3002/_next/webpack-hmr?id=6DJUbZ4qvLOKipbheVv_o' failed: Error in connection establishment: net::ERR_CONNECTION_REFUSED @ http://localhost:3002/_next/static/chunks/e70e9_next_dist_client_ca38a99e._.js:10116
[ 8562376ms] [ERROR] WebSocket connection to 'ws://localhost:3002/_next/webpack-hmr?id=6DJUbZ4qvLOKipbheVv_o' failed: Error in connection establishment: net::ERR_CONNECTION_REFUSED @ http://localhost:3002/_next/static/chunks/e70e9_next_dist_client_ca38a99e._.js:10116
[ 8567394ms] [ERROR] WebSocket connection to 'ws://localhost:3002/_next/webpack-hmr?id=6DJUbZ4qvLOKipbheVv_o' failed: Error in connection establishment: net::ERR_CONNECTION_REFUSED @ http://localhost:3002/_next/static/chunks/e70e9_next_dist_client_ca38a99e._.js:10116
[ 8572436ms] [ERROR] WebSocket connection to 'ws://localhost:3002/_next/webpack-hmr?id=6DJUbZ4qvLOKipbheVv_o' failed: Error in connection establishment: net::ERR_CONNECTION_REFUSED @ http://localhost:3002/_next/static/chunks/e70e9_next_dist_client_ca38a99e._.js:10116
[ 8577474ms] [ERROR] WebSocket connection to 'ws://localhost:3002/_next/webpack-hmr?id=6DJUbZ4qvLOKipbheVv_o' failed: Error in connection establishment: net::ERR_CONNECTION_REFUSED @ http://localhost:3002/_next/static/chunks/e70e9_next_dist_client_ca38a99e._.js:10116
[ 8582610ms] [ERROR] WebSocket connection to 'ws://localhost:3002/_next/webpack-hmr?id=6DJUbZ4qvLOKipbheVv_o' failed: Error in connection establishment: net::ERR_CONNECTION_REFUSED @ http://localhost:3002/_next/static/chunks/e70e9_next_dist_client_ca38a99e._.js:10116
[ 8587909ms] [ERROR] WebSocket connection to 'ws://localhost:3002/_next/webpack-hmr?id=6DJUbZ4qvLOKipbheVv_o' failed: Error in connection establishment: net::ERR_CONNECTION_REFUSED @ http://localhost:3002/_next/static/chunks/e70e9_next_dist_client_ca38a99e._.js:10116
